{
  "RSpec": {
    "coverage": {
      "/home/aandra/ohtuprojekti/ProgressMap/app/models/course.rb": [
        1,
        null,
        1,
        1,
        null,
        1,
        null
      ],
      "/home/aandra/ohtuprojekti/ProgressMap/app/models/user.rb": [
        1,
        null,
        1,
        1,
        null,
        1,
        1,
        null,
        1,
        0,
        null,
        0,
        0,
        null,
        null,
        0,
        null,
        null
      ],
      "/home/aandra/ohtuprojekti/ProgressMap/app/helpers/application_helper.rb": [
        1,
        null
      ],
      "/home/aandra/ohtuprojekti/ProgressMap/app/helpers/assignment_helper.rb": [
        1,
        null
      ],
      "/home/aandra/ohtuprojekti/ProgressMap/app/helpers/course_helper.rb": [
        1,
        null
      ],
      "/home/aandra/ohtuprojekti/ProgressMap/app/helpers/users_helper.rb": [
        1,
        null
      ],
      "/home/aandra/ohtuprojekti/ProgressMap/app/controllers/assignment_controller.rb": [
        1,
        null
      ],
      "/home/aandra/ohtuprojekti/ProgressMap/app/controllers/application_controller.rb": [
        1,
        null,
        null,
        1,
        null,
        1,
        null,
        1,
        0,
        null,
        null
      ],
      "/home/aandra/ohtuprojekti/ProgressMap/app/models/assignment.rb": [
        1,
        null,
        1,
        1,
        null,
        1,
        1,
        null,
        null,
        null
      ],
      "/home/aandra/ohtuprojekti/ProgressMap/app/models/location.rb": [
        1,
        null,
        1,
        null,
        1,
        1,
        1,
        null
      ],
      "/home/aandra/ohtuprojekti/ProgressMap/app/models/membership.rb": [
        1,
        null,
        1,
        1,
        null,
        1,
        1,
        null
      ]
    },
    "timestamp": 1441886913
  }
}
